This file contains any messages produced by compilers while
running configure, to aid debugging if configure makes a mistake.

It was created by configure, which was
generated by GNU Autoconf 2.69.  Invocation command line was

  $ ./configure CPPFLAGS=-DPlatform_omapl138  --host=arm-none-linux-gnueabi --enable-c6accel

## --------- ##
## Platform. ##
## --------- ##

hostname = deb7
uname -m = x86_64
uname -r = 3.16.0-4-amd64
uname -s = Linux
uname -v = #1 SMP Debian 3.16.39-1+deb8u2 (2017-03-07)

/usr/bin/uname -p = unknown
/bin/uname -X     = unknown

/bin/arch              = unknown
/usr/bin/arch -k       = unknown
/usr/convex/getsysinfo = unknown
/usr/bin/hostinfo      = unknown
/bin/machine           = unknown
/usr/bin/oslevel       = unknown
/bin/universe          = unknown

PATH: /opt/ti-dvsdk_omapl138-evm_04_03_00_06/linux-devkit/bin
PATH: /datalocal/DVSDK43_HPDL380G7/tools/arago-2011.06/armv5te/bin
PATH: /usr/local/bin
PATH: /usr/bin
PATH: /bin
PATH: /usr/local/games
PATH: /usr/games
PATH: /opt/uClinux/bfin-uclinux/bin
PATH: /opt/uClinux/bfin-linux-uclibc/bin
PATH: .
PATH: /opt/uClinux/bfin-uclinux/bin
PATH: /opt/uClinux/bfin-linux-uclibc/bin


## ----------- ##
## Core tests. ##
## ----------- ##

configure:2209: loading site script /opt/ti-dvsdk_omapl138-evm_04_03_00_06/linux-devkit/site-config
configure:2328: configuring gstticodecplugin for development with nano 1
configure:2368: checking whether to enable maintainer-specific portions of Makefiles
configure:2377: result: no
configure:2436: checking for a BSD-compatible install
configure:2504: result: /usr/bin/install -c
configure:2515: checking whether build environment is sane
configure:2570: result: yes
configure:2608: WARNING: 'missing' script is too old or missing
configure:2629: checking for arm-none-linux-gnueabi-strip
configure:2656: result: arm-arago-linux-gnueabi-strip
configure:2721: checking for a thread-safe mkdir -p
configure:2760: result: /bin/mkdir -p
configure:2767: checking for gawk
configure:2783: found /usr/bin/gawk
configure:2794: result: gawk
configure:2805: checking whether make sets $(MAKE)
configure:2827: result: yes
configure:2856: checking whether make supports nested variables
configure:2873: result: yes
configure:3015: checking for arm-none-linux-gnueabi-gcc
configure:3042: result: arm-arago-linux-gnueabi-gcc
configure:3311: checking for C compiler version
configure:3320: arm-arago-linux-gnueabi-gcc --version >&5
arm-arago-linux-gnueabi-gcc (GCC) 4.3.3
Copyright (C) 2008 Free Software Foundation, Inc.
This is free software; see the source for copying conditions.  There is NO
warranty; not even for MERCHANTABILITY or FITNESS FOR A PARTICULAR PURPOSE.

configure:3331: $? = 0
configure:3320: arm-arago-linux-gnueabi-gcc -v >&5
Using built-in specs.
Target: arm-arago-linux-gnueabi
Configured with: /OE/arago-tmp/work/i686-armv5te-sdk-arago-linux-gnueabi/gcc-cross-sdk-4.3.3-r23.4-arago1/gcc-4.3.3/configure --build=i686-linux --host=i686-linux --target=arm-arago-linux-gnueabi --prefix=/arago-2011.06/armv5te --exec_prefix=/arago-2011.06/armv5te --bindir=/arago-2011.06/armv5te/bin --sbindir=/arago-2011.06/armv5te/bin --libexecdir=/arago-2011.06/armv5te/libexec --datadir=/arago-2011.06/armv5te/share --sysconfdir=/arago-2011.06/armv5te/etc --sharedstatedir=/arago-2011.06/armv5te/share/com --localstatedir=/arago-2011.06/armv5te/var --libdir=/arago-2011.06/armv5te/lib --includedir=/arago-2011.06/armv5te/include --oldincludedir=/arago-2011.06/armv5te/include --infodir=/arago-2011.06/armv5te/share/info --mandir=/arago-2011.06/armv5te/share/man --enable-largefile --disable-nls --enable-ipv6 --with-gnu-ld --enable-shared --enable-languages=c,c++,objc,fortran --enable-threads=posix --disable-multilib --enable-c99 --enable-long-long --enable-symvers=gnu --enable-libstdcxx-pch --program-prefix=arm-arago-linux-gnueabi- --enable-target-optspace --enable-cheaders=c_std --enable-libssp --disable-bootstrap --disable-libgomp --disable-libmudflap --with-float=soft --with-sysroot=/arago-2011.06/armv5te/arm-arago-linux-gnueabi --with-build-time-tools=/OE/arago-tmp/sysroots/i686-linux/usr/armv5te/arm-arago-linux-gnueabi/bin --with-build-sysroot=/OE/arago-tmp/sysroots/armv5te-arago-linux-gnueabi --disable-libunwind-exceptions --disable-libgomp --disable-libmudflap --with-mpfr=/OE/arago-tmp/sysroots/i686-linux/usr --enable-__cxa_atexit
Thread model: posix
gcc version 4.3.3 (GCC) 
configure:3331: $? = 0
configure:3320: arm-arago-linux-gnueabi-gcc -V >&5
arm-arago-linux-gnueabi-gcc: '-V' option must have argument
configure:3331: $? = 1
configure:3320: arm-arago-linux-gnueabi-gcc -qversion >&5
arm-arago-linux-gnueabi-gcc: unrecognized option '-qversion'
arm-arago-linux-gnueabi-gcc: no input files
configure:3331: $? = 1
configure:3351: checking whether the C compiler works
configure:3373: arm-arago-linux-gnueabi-gcc  -DPlatform_omapl138   conftest.c  >&5
configure:3377: $? = 0
configure:3425: result: yes
configure:3428: checking for C compiler default output file name
configure:3430: result: a.out
configure:3436: checking for suffix of executables
configure:3443: arm-arago-linux-gnueabi-gcc -o conftest  -DPlatform_omapl138   conftest.c  >&5
configure:3447: $? = 0
configure:3469: result: 
configure:3491: checking whether we are cross compiling
configure:3499: arm-arago-linux-gnueabi-gcc -o conftest  -DPlatform_omapl138   conftest.c  >&5
configure:3503: $? = 0
configure:3510: ./conftest
./configure: line 3512: ./conftest: cannot execute binary file: Exec format error
configure:3514: $? = 126
configure:3529: result: yes
configure:3534: checking for suffix of object files
configure:3556: arm-arago-linux-gnueabi-gcc -c  -DPlatform_omapl138  conftest.c >&5
configure:3560: $? = 0
configure:3581: result: o
configure:3585: checking whether we are using the GNU C compiler
configure:3604: arm-arago-linux-gnueabi-gcc -c  -DPlatform_omapl138  conftest.c >&5
configure:3604: $? = 0
configure:3613: result: yes
configure:3622: checking whether arm-arago-linux-gnueabi-gcc accepts -g
configure:3642: arm-arago-linux-gnueabi-gcc -c -g -DPlatform_omapl138  conftest.c >&5
configure:3642: $? = 0
configure:3683: result: yes
configure:3700: checking for arm-arago-linux-gnueabi-gcc option to accept ISO C89
configure:3763: arm-arago-linux-gnueabi-gcc  -c -g -O2 -DPlatform_omapl138  conftest.c >&5
configure:3763: $? = 0
configure:3776: result: none needed
configure:3801: checking whether arm-arago-linux-gnueabi-gcc understands -c and -o together
configure:3823: arm-arago-linux-gnueabi-gcc -c conftest.c -o conftest2.o
configure:3826: $? = 0
configure:3823: arm-arago-linux-gnueabi-gcc -c conftest.c -o conftest2.o
configure:3826: $? = 0
configure:3838: result: yes
configure:3866: checking for style of include used by make
configure:3894: result: GNU
configure:3920: checking dependency style of arm-arago-linux-gnueabi-gcc
configure:4031: result: gcc3
configure:4075: checking build system type
configure:4089: result: x86_64-unknown-linux-gnu
configure:4109: checking host system type
configure:4122: result: arm-none-linux-gnueabi
configure:4142: checking for a sed that does not truncate output
configure:4206: result: /bin/sed
configure:4224: checking for grep that handles long lines and -e
configure:4282: result: /bin/grep
configure:4287: checking for egrep
configure:4349: result: /bin/grep -E
configure:4354: checking for fgrep
configure:4416: result: /bin/grep -F
configure:4451: checking for ld used by arm-arago-linux-gnueabi-gcc
configure:4518: result: /opt/ti-dvsdk_omapl138-evm_04_03_00_06/linux-devkit/arm-arago-linux-gnueabi/bin/ld
configure:4525: checking if the linker (/opt/ti-dvsdk_omapl138-evm_04_03_00_06/linux-devkit/arm-arago-linux-gnueabi/bin/ld) is GNU ld
configure:4540: result: yes
configure:4552: checking for BSD- or MS-compatible name lister (nm)
configure:4601: result: arm-arago-linux-gnueabi-nm
configure:4719: checking the name lister (arm-arago-linux-gnueabi-nm) interface
configure:4726: arm-arago-linux-gnueabi-gcc -c -g -O2 -DPlatform_omapl138  conftest.c >&5
configure:4729: arm-arago-linux-gnueabi-nm "conftest.o"
configure:4732: output
00000000 B some_variable
configure:4739: result: BSD nm
configure:4742: checking whether ln -s works
configure:4746: result: yes
configure:4754: checking the maximum length of command line arguments
configure:4874: result: 3458764513820540925
configure:4891: checking whether the shell understands some XSI constructs
configure:4901: result: yes
configure:4905: checking whether the shell understands "+="
configure:4911: result: yes
configure:4946: checking for /opt/ti-dvsdk_omapl138-evm_04_03_00_06/linux-devkit/arm-arago-linux-gnueabi/bin/ld option to reload object files
configure:4953: result: -r
configure:4982: checking for arm-none-linux-gnueabi-objdump
configure:5009: result: arm-arago-linux-gnueabi-objdump
configure:5081: checking how to recognize dependent libraries
configure:5277: result: pass_all
configure:5297: checking for arm-none-linux-gnueabi-ar
configure:5324: result: arm-arago-linux-gnueabi-ar
configure:5402: checking for arm-none-linux-gnueabi-strip
configure:5429: result: arm-arago-linux-gnueabi-strip
configure:5501: checking for arm-none-linux-gnueabi-ranlib
configure:5528: result: arm-arago-linux-gnueabi-ranlib
configure:5658: checking command to parse arm-arago-linux-gnueabi-nm output from arm-arago-linux-gnueabi-gcc object
configure:5776: arm-arago-linux-gnueabi-gcc -c -g -O2 -DPlatform_omapl138  conftest.c >&5
configure:5779: $? = 0
configure:5783: arm-arago-linux-gnueabi-nm conftest.o \| sed -n -e 's/^.*[	 ]\([ABCDGIRSTW][ABCDGIRSTW]*\)[	 ][	 ]*\([_A-Za-z][_A-Za-z0-9]*\)$/\1 \2 \2/p' \> conftest.nm
configure:5786: $? = 0
configure:5840: arm-arago-linux-gnueabi-gcc -o conftest -g -O2 -DPlatform_omapl138   conftest.c conftstm.o >&5
configure:5843: $? = 0
configure:5881: result: ok
configure:6690: checking how to run the C preprocessor
configure:6760: result: arm-arago-linux-gnueabi-gcc -E
configure:6780: arm-arago-linux-gnueabi-gcc -E -DPlatform_omapl138  conftest.c
configure:6780: $? = 0
configure:6794: arm-arago-linux-gnueabi-gcc -E -DPlatform_omapl138  conftest.c
conftest.c:15:28: error: ac_nonexistent.h: No such file or directory
configure:6794: $? = 1
configure: failed program was:
| /* confdefs.h */
| #define PACKAGE_NAME ""
| #define PACKAGE_TARNAME ""
| #define PACKAGE_VERSION ""
| #define PACKAGE_STRING ""
| #define PACKAGE_BUGREPORT ""
| #define PACKAGE_URL ""
| #define GST_PLUGIN_VERSION "0.10.0.1"
| #define GST_PLUGIN_VERSION_RELEASE "0.20170330.202121"
| #define PACKAGE "gstticodecplugin"
| #define VERSION "0.10.0.1"
| #define PACKAGE "gstticodecplugin"
| #define VERSION "0.10.0.1"
| /* end confdefs.h.  */
| #include <ac_nonexistent.h>
configure:6823: checking for ANSI C header files
configure:6843: arm-arago-linux-gnueabi-gcc -c -g -O2 -DPlatform_omapl138  conftest.c >&5
configure:6843: $? = 0
configure:6927: result: yes
configure:6940: checking for sys/types.h
configure:6940: arm-arago-linux-gnueabi-gcc -c -g -O2 -DPlatform_omapl138  conftest.c >&5
configure:6940: $? = 0
configure:6940: result: yes
configure:6940: checking for sys/stat.h
configure:6940: arm-arago-linux-gnueabi-gcc -c -g -O2 -DPlatform_omapl138  conftest.c >&5
configure:6940: $? = 0
configure:6940: result: yes
configure:6940: checking for stdlib.h
configure:6940: arm-arago-linux-gnueabi-gcc -c -g -O2 -DPlatform_omapl138  conftest.c >&5
configure:6940: $? = 0
configure:6940: result: yes
configure:6940: checking for string.h
configure:6940: arm-arago-linux-gnueabi-gcc -c -g -O2 -DPlatform_omapl138  conftest.c >&5
configure:6940: $? = 0
configure:6940: result: yes
configure:6940: checking for memory.h
configure:6940: arm-arago-linux-gnueabi-gcc -c -g -O2 -DPlatform_omapl138  conftest.c >&5
configure:6940: $? = 0
configure:6940: result: yes
configure:6940: checking for strings.h
configure:6940: arm-arago-linux-gnueabi-gcc -c -g -O2 -DPlatform_omapl138  conftest.c >&5
configure:6940: $? = 0
configure:6940: result: yes
configure:6940: checking for inttypes.h
configure:6940: arm-arago-linux-gnueabi-gcc -c -g -O2 -DPlatform_omapl138  conftest.c >&5
configure:6940: $? = 0
configure:6940: result: yes
configure:6940: checking for stdint.h
configure:6940: arm-arago-linux-gnueabi-gcc -c -g -O2 -DPlatform_omapl138  conftest.c >&5
configure:6940: $? = 0
configure:6940: result: yes
configure:6940: checking for unistd.h
configure:6940: arm-arago-linux-gnueabi-gcc -c -g -O2 -DPlatform_omapl138  conftest.c >&5
configure:6940: $? = 0
configure:6940: result: yes
configure:6954: checking for dlfcn.h
configure:6954: arm-arago-linux-gnueabi-gcc -c -g -O2 -DPlatform_omapl138  conftest.c >&5
configure:6954: $? = 0
configure:6954: result: yes
configure:7138: checking for objdir
configure:7153: result: .libs
configure:7449: checking if arm-arago-linux-gnueabi-gcc supports -fno-rtti -fno-exceptions
configure:7467: arm-arago-linux-gnueabi-gcc -c -g -O2 -DPlatform_omapl138  -fno-rtti -fno-exceptions conftest.c >&5
cc1: warning: command line option "-fno-rtti" is valid for C++/ObjC++ but not for C
configure:7471: $? = 0
configure:7484: result: no
configure:7504: checking for arm-arago-linux-gnueabi-gcc option to produce PIC
configure:7776: result: -fPIC -DPIC
configure:7788: checking if arm-arago-linux-gnueabi-gcc PIC flag -fPIC -DPIC works
configure:7806: arm-arago-linux-gnueabi-gcc -c -g -O2 -DPlatform_omapl138  -fPIC -DPIC -DPIC conftest.c >&5
configure:7810: $? = 0
configure:7823: result: yes
configure:7847: checking if arm-arago-linux-gnueabi-gcc static flag -static works
configure:7875: result: yes
configure:7890: checking if arm-arago-linux-gnueabi-gcc supports -c -o file.o
configure:7911: arm-arago-linux-gnueabi-gcc -c -g -O2 -DPlatform_omapl138  -o out/conftest2.o conftest.c >&5
configure:7915: $? = 0
configure:7937: result: yes
configure:7945: checking if arm-arago-linux-gnueabi-gcc supports -c -o file.o
configure:7992: result: yes
configure:8025: checking whether the arm-arago-linux-gnueabi-gcc linker (/opt/ti-dvsdk_omapl138-evm_04_03_00_06/linux-devkit/arm-arago-linux-gnueabi/bin/ld) supports shared libraries
configure:9011: result: yes
configure:9048: checking whether -lc should be explicitly linked in
configure:9053: arm-arago-linux-gnueabi-gcc -c -g -O2 -DPlatform_omapl138  conftest.c >&5
configure:9056: $? = 0
configure:9071: arm-arago-linux-gnueabi-gcc -shared conftest.o  -v -Wl,-soname -Wl,conftest -o conftest 2\>\&1 \| /bin/grep  -lc  \>/dev/null 2\>\&1
configure:9074: $? = 0
configure:9086: result: no
configure:9250: checking dynamic linker characteristics
configure:9683: arm-arago-linux-gnueabi-gcc -o conftest -g -O2 -DPlatform_omapl138   -Wl,-rpath -Wl,/foo conftest.c  >&5
configure:9683: $? = 0
configure:9901: result: GNU/Linux ld.so
configure:10003: checking how to hardcode library paths into programs
configure:10028: result: immediate
configure:10548: checking whether stripping libraries is possible
configure:10553: result: yes
configure:10588: checking if libtool supports shared libraries
configure:10590: result: yes
configure:10593: checking whether to build shared libraries
configure:10614: result: yes
configure:10617: checking whether to build static libraries
configure:10621: result: yes
configure:10659: checking to see if compiler understands -Wall
configure:10676: arm-arago-linux-gnueabi-gcc -c -g -O2 -Wall -DPlatform_omapl138  conftest.c >&5
configure:10676: $? = 0
configure:10691: result: yes
configure:10700: checking to see if compiler understands -Werror
configure:10717: arm-arago-linux-gnueabi-gcc -c -g -O2 -Werror -DPlatform_omapl138  conftest.c >&5
configure:10717: $? = 0
configure:10732: result: yes
configure:10740: checking for pkg-config
configure:10756: found /opt/ti-dvsdk_omapl138-evm_04_03_00_06/linux-devkit/bin/pkg-config
configure:10768: result: yes
configure:10794: checking for arm-none-linux-gnueabi-pkg-config
configure:10827: result: no
configure:10837: checking for pkg-config
configure:10855: found /opt/ti-dvsdk_omapl138-evm_04_03_00_06/linux-devkit/bin/pkg-config
configure:10867: result: /opt/ti-dvsdk_omapl138-evm_04_03_00_06/linux-devkit/bin/pkg-config
configure:10879: WARNING: using cross tools not prefixed with host triplet
configure:10892: checking pkg-config is at least version 0.9.0
configure:10895: result: yes
configure:10905: checking for GST
configure:10913: $PKG_CONFIG --exists --print-errors "\
  gstreamer-$GST_MAJORMINOR >= $GST_REQUIRED"
configure:10917: $? = 0
configure:10933: $PKG_CONFIG --exists --print-errors "\
  gstreamer-$GST_MAJORMINOR >= $GST_REQUIRED"
configure:10937: $? = 0
configure:10978: result: yes
configure:10996: checking for GST_BASE
configure:11003: $PKG_CONFIG --exists --print-errors "gstreamer-base-$GST_MAJORMINOR >= $GST_REQUIRED"
configure:11006: $? = 0
configure:11020: $PKG_CONFIG --exists --print-errors "gstreamer-base-$GST_MAJORMINOR >= $GST_REQUIRED"
configure:11023: $? = 0
configure:11061: result: yes
configure:11076: checking for GSTPB_BASE
configure:11083: $PKG_CONFIG --exists --print-errors "gstreamer-plugins-base-$GST_MAJORMINOR >= $GSTPB_REQUIRED"
configure:11086: $? = 0
configure:11100: $PKG_CONFIG --exists --print-errors "gstreamer-plugins-base-$GST_MAJORMINOR >= $GSTPB_REQUIRED"
configure:11103: $? = 0
configure:11141: result: yes
configure:11172: Enabling c6accel elements
configure:11184: checking for GSTCTRL
configure:11191: $PKG_CONFIG --exists --print-errors "gstreamer-controller-$GST_MAJORMINOR >= $GSTPB_REQUIRED"
configure:11194: $? = 0
configure:11208: $PKG_CONFIG --exists --print-errors "gstreamer-controller-$GST_MAJORMINOR >= $GSTPB_REQUIRED"
configure:11211: $? = 0
configure:11249: result: yes
configure:11386: checking that generated files are newer than configure
configure:11392: result: done
configure:11419: creating ./config.status

## ---------------------- ##
## Running config.status. ##
## ---------------------- ##

This file was extended by config.status, which was
generated by GNU Autoconf 2.69.  Invocation command line was

  CONFIG_FILES    = 
  CONFIG_HEADERS  = 
  CONFIG_LINKS    = 
  CONFIG_COMMANDS = 
  $ ./config.status 

on deb7

config.status:1110: creating Makefile
config.status:1110: creating m4/Makefile
config.status:1110: creating src/Makefile
config.status:1110: creating config.h
config.status:1339: executing depfiles commands
config.status:1339: executing libtool commands

## ---------------- ##
## Cache variables. ##
## ---------------- ##

ac_cv_build=x86_64-unknown-linux-gnu
ac_cv_c_compiler_gnu=yes
ac_cv_env_CC_set=set
ac_cv_env_CC_value=arm-arago-linux-gnueabi-gcc
ac_cv_env_CFLAGS_set=
ac_cv_env_CFLAGS_value=
ac_cv_env_CPPFLAGS_set=set
ac_cv_env_CPPFLAGS_value='-DPlatform_omapl138 '
ac_cv_env_CPP_set=set
ac_cv_env_CPP_value='arm-arago-linux-gnueabi-gcc -E'
ac_cv_env_GSTCTRL_CFLAGS_set=
ac_cv_env_GSTCTRL_CFLAGS_value=
ac_cv_env_GSTCTRL_LIBS_set=
ac_cv_env_GSTCTRL_LIBS_value=
ac_cv_env_GSTPB_BASE_CFLAGS_set=
ac_cv_env_GSTPB_BASE_CFLAGS_value=
ac_cv_env_GSTPB_BASE_LIBS_set=
ac_cv_env_GSTPB_BASE_LIBS_value=
ac_cv_env_GST_BASE_CFLAGS_set=
ac_cv_env_GST_BASE_CFLAGS_value=
ac_cv_env_GST_BASE_LIBS_set=
ac_cv_env_GST_BASE_LIBS_value=
ac_cv_env_GST_CFLAGS_set=
ac_cv_env_GST_CFLAGS_value=
ac_cv_env_GST_LIBS_set=
ac_cv_env_GST_LIBS_value=
ac_cv_env_LDFLAGS_set=
ac_cv_env_LDFLAGS_value=
ac_cv_env_LIBS_set=
ac_cv_env_LIBS_value=
ac_cv_env_PKG_CONFIG_LIBDIR_set=
ac_cv_env_PKG_CONFIG_LIBDIR_value=
ac_cv_env_PKG_CONFIG_PATH_set=set
ac_cv_env_PKG_CONFIG_PATH_value=/opt/ti-dvsdk_omapl138-evm_04_03_00_06/linux-devkit/arm-arago-linux-gnueabi/usr/lib/pkgconfig
ac_cv_env_PKG_CONFIG_set=
ac_cv_env_PKG_CONFIG_value=
ac_cv_env_build_alias_set=
ac_cv_env_build_alias_value=
ac_cv_env_host_alias_set=set
ac_cv_env_host_alias_value=arm-none-linux-gnueabi
ac_cv_env_target_alias_set=
ac_cv_env_target_alias_value=
ac_cv_header_dlfcn_h=yes
ac_cv_header_inttypes_h=yes
ac_cv_header_memory_h=yes
ac_cv_header_stdc=yes
ac_cv_header_stdint_h=yes
ac_cv_header_stdlib_h=yes
ac_cv_header_string_h=yes
ac_cv_header_strings_h=yes
ac_cv_header_sys_stat_h=yes
ac_cv_header_sys_types_h=yes
ac_cv_header_unistd_h=yes
ac_cv_host=arm-none-linux-gnueabi
ac_cv_objext=o
ac_cv_path_EGREP='/bin/grep -E'
ac_cv_path_FGREP='/bin/grep -F'
ac_cv_path_GREP=/bin/grep
ac_cv_path_SED=/bin/sed
ac_cv_path_ac_pt_PKG_CONFIG=/opt/ti-dvsdk_omapl138-evm_04_03_00_06/linux-devkit/bin/pkg-config
ac_cv_path_install='/usr/bin/install -c'
ac_cv_path_mkdir=/bin/mkdir
ac_cv_prog_AR=arm-arago-linux-gnueabi-ar
ac_cv_prog_AWK=gawk
ac_cv_prog_CC=arm-arago-linux-gnueabi-gcc
ac_cv_prog_CPP='arm-arago-linux-gnueabi-gcc -E'
ac_cv_prog_HAVE_PKGCONFIG=yes
ac_cv_prog_OBJDUMP=arm-arago-linux-gnueabi-objdump
ac_cv_prog_RANLIB=arm-arago-linux-gnueabi-ranlib
ac_cv_prog_STRIP=arm-arago-linux-gnueabi-strip
ac_cv_prog_cc_c89=
ac_cv_prog_cc_g=yes
ac_cv_prog_make_make_set=yes
am_cv_CC_dependencies_compiler_type=gcc3
am_cv_make_support_nested_variables=yes
am_cv_prog_cc_c_o=yes
lt_cv_deplibs_check_method=pass_all
lt_cv_file_magic_cmd='$MAGIC_CMD'
lt_cv_file_magic_test_file=
lt_cv_ld_reload_flag=-r
lt_cv_nm_interface='BSD nm'
lt_cv_objdir=.libs
lt_cv_path_LD=/opt/ti-dvsdk_omapl138-evm_04_03_00_06/linux-devkit/arm-arago-linux-gnueabi/bin/ld
lt_cv_path_NM=arm-arago-linux-gnueabi-nm
lt_cv_prog_compiler_c_o=yes
lt_cv_prog_compiler_pic_works=yes
lt_cv_prog_compiler_rtti_exceptions=no
lt_cv_prog_compiler_static_works=yes
lt_cv_prog_gnu_ld=yes
lt_cv_sys_global_symbol_pipe='sed -n -e '\''s/^.*[	 ]\([ABCDGIRSTW][ABCDGIRSTW]*\)[	 ][	 ]*\([_A-Za-z][_A-Za-z0-9]*\)$/\1 \2 \2/p'\'''
lt_cv_sys_global_symbol_to_c_name_address='sed -n -e '\''s/^: \([^ ]*\) $/  {\"\1\", (void *) 0},/p'\'' -e '\''s/^[ABCDGIRSTW]* \([^ ]*\) \([^ ]*\)$/  {"\2", (void *) \&\2},/p'\'''
lt_cv_sys_global_symbol_to_c_name_address_lib_prefix='sed -n -e '\''s/^: \([^ ]*\) $/  {\"\1\", (void *) 0},/p'\'' -e '\''s/^[ABCDGIRSTW]* \([^ ]*\) \(lib[^ ]*\)$/  {"\2", (void *) \&\2},/p'\'' -e '\''s/^[ABCDGIRSTW]* \([^ ]*\) \([^ ]*\)$/  {"lib\2", (void *) \&\2},/p'\'''
lt_cv_sys_global_symbol_to_cdecl='sed -n -e '\''s/^T .* \(.*\)$/extern int \1();/p'\'' -e '\''s/^[ABCDGIRSTW]* .* \(.*\)$/extern char \1;/p'\'''
lt_cv_sys_max_cmd_len=3458764513820540925
pkg_cv_GSTCTRL_CFLAGS='-pthread -I/opt/ti-dvsdk_omapl138-evm_04_03_00_06/linux-devkit/arm-arago-linux-gnueabi/usr/include/gstreamer-0.10 -I/opt/ti-dvsdk_omapl138-evm_04_03_00_06/linux-devkit/arm-arago-linux-gnueabi/usr/include/glib-2.0 -I/opt/ti-dvsdk_omapl138-evm_04_03_00_06/linux-devkit/arm-arago-linux-gnueabi/usr/lib/glib-2.0/include -I/opt/ti-dvsdk_omapl138-evm_04_03_00_06/linux-devkit/arm-arago-linux-gnueabi/usr/include/libxml2  '
pkg_cv_GSTCTRL_LIBS='-pthread -L/opt/ti-dvsdk_omapl138-evm_04_03_00_06/linux-devkit/arm-arago-linux-gnueabi/usr/lib -lgstcontroller-0.10 -lgstreamer-0.10 -lgobject-2.0 -lgmodule-2.0 -lxml2 -lgthread-2.0 -lrt -lglib-2.0  '
pkg_cv_GSTPB_BASE_CFLAGS='-pthread -I/opt/ti-dvsdk_omapl138-evm_04_03_00_06/linux-devkit/arm-arago-linux-gnueabi/usr/include/gstreamer-0.10 -I/opt/ti-dvsdk_omapl138-evm_04_03_00_06/linux-devkit/arm-arago-linux-gnueabi/usr/include/glib-2.0 -I/opt/ti-dvsdk_omapl138-evm_04_03_00_06/linux-devkit/arm-arago-linux-gnueabi/usr/lib/glib-2.0/include -I/opt/ti-dvsdk_omapl138-evm_04_03_00_06/linux-devkit/arm-arago-linux-gnueabi/usr/include/libxml2  '
pkg_cv_GSTPB_BASE_LIBS='-pthread -L/opt/ti-dvsdk_omapl138-evm_04_03_00_06/linux-devkit/arm-arago-linux-gnueabi/usr/lib -lgstreamer-0.10 -lgobject-2.0 -lgmodule-2.0 -lxml2 -lgthread-2.0 -lrt -lglib-2.0  '
pkg_cv_GST_BASE_CFLAGS='-pthread -I/opt/ti-dvsdk_omapl138-evm_04_03_00_06/linux-devkit/arm-arago-linux-gnueabi/usr/include/gstreamer-0.10 -I/opt/ti-dvsdk_omapl138-evm_04_03_00_06/linux-devkit/arm-arago-linux-gnueabi/usr/include/glib-2.0 -I/opt/ti-dvsdk_omapl138-evm_04_03_00_06/linux-devkit/arm-arago-linux-gnueabi/usr/lib/glib-2.0/include -I/opt/ti-dvsdk_omapl138-evm_04_03_00_06/linux-devkit/arm-arago-linux-gnueabi/usr/include/libxml2  '
pkg_cv_GST_BASE_LIBS='-pthread -L/opt/ti-dvsdk_omapl138-evm_04_03_00_06/linux-devkit/arm-arago-linux-gnueabi/usr/lib -lgstbase-0.10 -lgstreamer-0.10 -lgobject-2.0 -lgmodule-2.0 -lxml2 -lgthread-2.0 -lrt -lglib-2.0  '
pkg_cv_GST_CFLAGS='-pthread -I/opt/ti-dvsdk_omapl138-evm_04_03_00_06/linux-devkit/arm-arago-linux-gnueabi/usr/include/gstreamer-0.10 -I/opt/ti-dvsdk_omapl138-evm_04_03_00_06/linux-devkit/arm-arago-linux-gnueabi/usr/include/glib-2.0 -I/opt/ti-dvsdk_omapl138-evm_04_03_00_06/linux-devkit/arm-arago-linux-gnueabi/usr/lib/glib-2.0/include -I/opt/ti-dvsdk_omapl138-evm_04_03_00_06/linux-devkit/arm-arago-linux-gnueabi/usr/include/libxml2  '
pkg_cv_GST_LIBS='-pthread -L/opt/ti-dvsdk_omapl138-evm_04_03_00_06/linux-devkit/arm-arago-linux-gnueabi/usr/lib -lgstreamer-0.10 -lgobject-2.0 -lgmodule-2.0 -lxml2 -lgthread-2.0 -lrt -lglib-2.0  '

## ----------------- ##
## Output variables. ##
## ----------------- ##

ACLOCAL='aclocal-1.14'
ACLOCAL_AMFLAGS='-I m4'
AMDEPBACKSLASH='\'
AMDEP_FALSE='#'
AMDEP_TRUE=''
AMTAR='$${TAR-tar}'
AM_BACKSLASH='\'
AM_DEFAULT_V='$(AM_DEFAULT_VERBOSITY)'
AM_DEFAULT_VERBOSITY='1'
AM_V='$(V)'
AR='arm-arago-linux-gnueabi-ar'
AUTOCONF='autoconf'
AUTOHEADER='autoheader'
AUTOMAKE='automake-1.14'
AWK='gawk'
CC='arm-arago-linux-gnueabi-gcc'
CCDEPMODE='depmode=gcc3'
CFLAGS='-g -O2'
CPP='arm-arago-linux-gnueabi-gcc -E'
CPPFLAGS='-DPlatform_omapl138 '
CYGPATH_W='echo'
DEFS='-DHAVE_CONFIG_H'
DEPDIR='.deps'
DSYMUTIL=''
DUMPBIN=''
ECHO_C=''
ECHO_N='-n'
ECHO_T=''
EGREP='/bin/grep -E'
EXEEXT=''
FGREP='/bin/grep -F'
GREP='/bin/grep'
GSTCTRL_CFLAGS='-pthread -I/opt/ti-dvsdk_omapl138-evm_04_03_00_06/linux-devkit/arm-arago-linux-gnueabi/usr/include/gstreamer-0.10 -I/opt/ti-dvsdk_omapl138-evm_04_03_00_06/linux-devkit/arm-arago-linux-gnueabi/usr/include/glib-2.0 -I/opt/ti-dvsdk_omapl138-evm_04_03_00_06/linux-devkit/arm-arago-linux-gnueabi/usr/lib/glib-2.0/include -I/opt/ti-dvsdk_omapl138-evm_04_03_00_06/linux-devkit/arm-arago-linux-gnueabi/usr/include/libxml2  '
GSTCTRL_LIBS='-pthread -L/opt/ti-dvsdk_omapl138-evm_04_03_00_06/linux-devkit/arm-arago-linux-gnueabi/usr/lib -lgstcontroller-0.10 -lgstreamer-0.10 -lgobject-2.0 -lgmodule-2.0 -lxml2 -lgthread-2.0 -lrt -lglib-2.0  '
GSTPB_BASE_CFLAGS='-pthread -I/opt/ti-dvsdk_omapl138-evm_04_03_00_06/linux-devkit/arm-arago-linux-gnueabi/usr/include/gstreamer-0.10 -I/opt/ti-dvsdk_omapl138-evm_04_03_00_06/linux-devkit/arm-arago-linux-gnueabi/usr/include/glib-2.0 -I/opt/ti-dvsdk_omapl138-evm_04_03_00_06/linux-devkit/arm-arago-linux-gnueabi/usr/lib/glib-2.0/include -I/opt/ti-dvsdk_omapl138-evm_04_03_00_06/linux-devkit/arm-arago-linux-gnueabi/usr/include/libxml2  '
GSTPB_BASE_LIBS='-pthread -L/opt/ti-dvsdk_omapl138-evm_04_03_00_06/linux-devkit/arm-arago-linux-gnueabi/usr/lib -lgstreamer-0.10 -lgobject-2.0 -lgmodule-2.0 -lxml2 -lgthread-2.0 -lrt -lglib-2.0  '
GST_BASE_CFLAGS='-pthread -I/opt/ti-dvsdk_omapl138-evm_04_03_00_06/linux-devkit/arm-arago-linux-gnueabi/usr/include/gstreamer-0.10 -I/opt/ti-dvsdk_omapl138-evm_04_03_00_06/linux-devkit/arm-arago-linux-gnueabi/usr/include/glib-2.0 -I/opt/ti-dvsdk_omapl138-evm_04_03_00_06/linux-devkit/arm-arago-linux-gnueabi/usr/lib/glib-2.0/include -I/opt/ti-dvsdk_omapl138-evm_04_03_00_06/linux-devkit/arm-arago-linux-gnueabi/usr/include/libxml2  '
GST_BASE_LIBS='-pthread -L/opt/ti-dvsdk_omapl138-evm_04_03_00_06/linux-devkit/arm-arago-linux-gnueabi/usr/lib -lgstbase-0.10 -lgstreamer-0.10 -lgobject-2.0 -lgmodule-2.0 -lxml2 -lgthread-2.0 -lrt -lglib-2.0  '
GST_CFLAGS='-pthread -I/opt/ti-dvsdk_omapl138-evm_04_03_00_06/linux-devkit/arm-arago-linux-gnueabi/usr/include/gstreamer-0.10 -I/opt/ti-dvsdk_omapl138-evm_04_03_00_06/linux-devkit/arm-arago-linux-gnueabi/usr/include/glib-2.0 -I/opt/ti-dvsdk_omapl138-evm_04_03_00_06/linux-devkit/arm-arago-linux-gnueabi/usr/lib/glib-2.0/include -I/opt/ti-dvsdk_omapl138-evm_04_03_00_06/linux-devkit/arm-arago-linux-gnueabi/usr/include/libxml2    -Wall -Werror'
GST_LIBS='-pthread -L/opt/ti-dvsdk_omapl138-evm_04_03_00_06/linux-devkit/arm-arago-linux-gnueabi/usr/lib -lgstreamer-0.10 -lgobject-2.0 -lgmodule-2.0 -lxml2 -lgthread-2.0 -lrt -lglib-2.0  '
GST_MAJORMINOR='0.10'
GST_PLUGIN_LDFLAGS='-module -avoid-version -export-symbols-regex _*\(gst_\|Gst\|GST_\).*'
GST_PLUGIN_VERSION='0.10.0.1'
GST_PLUGIN_VERSION_MAJOR='0'
GST_PLUGIN_VERSION_MICRO='0'
GST_PLUGIN_VERSION_MINOR='10'
GST_PLUGIN_VERSION_NANO='1'
GST_PLUGIN_VERSION_RELEASE='0.20170330.202121'
HAVE_C6ACCEL_FALSE='#'
HAVE_C6ACCEL_TRUE=''
HAVE_PKGCONFIG='yes'
INSTALL_DATA='${INSTALL} -m 644'
INSTALL_PROGRAM='${INSTALL}'
INSTALL_SCRIPT='${INSTALL}'
INSTALL_STRIP_PROGRAM='$(install_sh) -c -s'
LD='/opt/ti-dvsdk_omapl138-evm_04_03_00_06/linux-devkit/arm-arago-linux-gnueabi/bin/ld'
LDFLAGS=''
LIBOBJS=''
LIBS=''
LIBTOOL='$(SHELL) $(top_builddir)/libtool'
LIPO=''
LN_S='ln -s'
LTLIBOBJS=''
MAINT='#'
MAINTAINER_MODE_FALSE=''
MAINTAINER_MODE_TRUE='#'
MAKEINFO='makeinfo'
MKDIR_P='/bin/mkdir -p'
NM='arm-arago-linux-gnueabi-nm'
NMEDIT=''
OBJDUMP='arm-arago-linux-gnueabi-objdump'
OBJEXT='o'
OTOOL64=''
OTOOL=''
PACKAGE='gstticodecplugin'
PACKAGE_BUGREPORT=''
PACKAGE_NAME=''
PACKAGE_STRING=''
PACKAGE_TARNAME=''
PACKAGE_URL=''
PACKAGE_VERSION=''
PATH_SEPARATOR=':'
PKG_CONFIG='/opt/ti-dvsdk_omapl138-evm_04_03_00_06/linux-devkit/bin/pkg-config'
PKG_CONFIG_LIBDIR=''
PKG_CONFIG_PATH='/opt/ti-dvsdk_omapl138-evm_04_03_00_06/linux-devkit/arm-arago-linux-gnueabi/usr/lib/pkgconfig'
RANLIB='arm-arago-linux-gnueabi-ranlib'
SED='/bin/sed'
SET_MAKE=''
SHELL='/bin/sh'
STRIP='arm-arago-linux-gnueabi-strip'
VERSION='0.10.0.1'
ac_ct_CC=''
ac_ct_DUMPBIN=''
am__EXEEXT_FALSE=''
am__EXEEXT_TRUE='#'
am__fastdepCC_FALSE='#'
am__fastdepCC_TRUE=''
am__include='include'
am__isrc=''
am__leading_dot='.'
am__nodep='_no'
am__quote=''
am__tar='$${TAR-tar} chof - "$$tardir"'
am__untar='$${TAR-tar} xf -'
bindir='${exec_prefix}/bin'
build='x86_64-unknown-linux-gnu'
build_alias=''
build_cpu='x86_64'
build_os='linux-gnu'
build_vendor='unknown'
datadir='${datarootdir}'
datarootdir='${prefix}/share'
docdir='${datarootdir}/doc/${PACKAGE}'
dvidir='${docdir}'
exec_prefix='${prefix}'
host='arm-none-linux-gnueabi'
host_alias='arm-none-linux-gnueabi'
host_cpu='arm'
host_os='linux-gnueabi'
host_vendor='none'
htmldir='${docdir}'
includedir='${prefix}/include'
infodir='${datarootdir}/info'
install_sh='${SHELL} /opt/ti-dvsdk_omapl138-evm_04_03_00_06/gstreamer-ti_svnr919/install-sh'
libdir='${exec_prefix}/lib'
libexecdir='${exec_prefix}/libexec'
localedir='${datarootdir}/locale'
localstatedir='${prefix}/var'
lt_ECHO='echo'
mandir='${datarootdir}/man'
mkdir_p='$(MKDIR_P)'
oldincludedir='/usr/include'
pdfdir='${docdir}'
plugindir='$(libdir)/gstreamer-0.10'
prefix='/usr/local'
program_transform_name='s,x,x,'
psdir='${docdir}'
sbindir='${exec_prefix}/sbin'
sharedstatedir='${prefix}/com'
sysconfdir='${prefix}/etc'
target_alias=''

## ----------- ##
## confdefs.h. ##
## ----------- ##

/* confdefs.h */
#define PACKAGE_NAME ""
#define PACKAGE_TARNAME ""
#define PACKAGE_VERSION ""
#define PACKAGE_STRING ""
#define PACKAGE_BUGREPORT ""
#define PACKAGE_URL ""
#define GST_PLUGIN_VERSION "0.10.0.1"
#define GST_PLUGIN_VERSION_RELEASE "0.20170330.202121"
#define PACKAGE "gstticodecplugin"
#define VERSION "0.10.0.1"
#define PACKAGE "gstticodecplugin"
#define VERSION "0.10.0.1"
#define STDC_HEADERS 1
#define HAVE_SYS_TYPES_H 1
#define HAVE_SYS_STAT_H 1
#define HAVE_STDLIB_H 1
#define HAVE_STRING_H 1
#define HAVE_MEMORY_H 1
#define HAVE_STRINGS_H 1
#define HAVE_INTTYPES_H 1
#define HAVE_STDINT_H 1
#define HAVE_UNISTD_H 1
#define HAVE_DLFCN_H 1
#define LT_OBJDIR ".libs/"
#define HAVE_C6ACCEL 1

configure: exit 0
